Starting audit...
[ERROR] C:\Users\Teja\Desktop\MSIT\1st Year\ADS1\ADS1 Assignments\M7\7.1 Steque\Steque.java:13:13: Variable 'data' must be private and have accessor methods. [VisibilityModifier]
[ERROR] C:\Users\Teja\Desktop\MSIT\1st Year\ADS1\ADS1 Assignments\M7\7.1 Steque\Steque.java:17:14: Variable 'next' must be private and have accessor methods. [VisibilityModifier]
[ERROR] C:\Users\Teja\Desktop\MSIT\1st Year\ADS1\ADS1 Assignments\M7\7.1 Steque\Steque.java:29:14: Parameter data should be final. [FinalParameters]
[ERROR] C:\Users\Teja\Desktop\MSIT\1st Year\ADS1\ADS1 Assignments\M7\7.1 Steque\Steque.java:29:18: 'data' hides a field. [HiddenField]
[ERROR] C:\Users\Teja\Desktop\MSIT\1st Year\ADS1\ADS1 Assignments\M7\7.1 Steque\Steque.java:39:14: Parameter data should be final. [FinalParameters]
[ERROR] C:\Users\Teja\Desktop\MSIT\1st Year\ADS1\ADS1 Assignments\M7\7.1 Steque\Steque.java:39:18: 'data' hides a field. [HiddenField]
[ERROR] C:\Users\Teja\Desktop\MSIT\1st Year\ADS1\ADS1 Assignments\M7\7.1 Steque\Steque.java:39:24: Parameter n should be final. [FinalParameters]
[ERROR] C:\Users\Teja\Desktop\MSIT\1st Year\ADS1\ADS1 Assignments\M7\7.1 Steque\Steque.java:47:10: Variable 'head' must be private and have accessor methods. [VisibilityModifier]
[ERROR] C:\Users\Teja\Desktop\MSIT\1st Year\ADS1\ADS1 Assignments\M7\7.1 Steque\Steque.java:47:16: Variable 'tail' must be private and have accessor methods. [VisibilityModifier]
[ERROR] C:\Users\Teja\Desktop\MSIT\1st Year\ADS1\ADS1 Assignments\M7\7.1 Steque\Steque.java:51:9: Variable 'size' must be private and have accessor methods. [VisibilityModifier]
[ERROR] C:\Users\Teja\Desktop\MSIT\1st Year\ADS1\ADS1 Assignments\M7\7.1 Steque\Steque.java:64:22: Parameter data should be final. [FinalParameters]
[ERROR] C:\Users\Teja\Desktop\MSIT\1st Year\ADS1\ADS1 Assignments\M7\7.1 Steque\Steque.java:81:25: Parameter data should be final. [FinalParameters]
[ERROR] C:\Users\Teja\Desktop\MSIT\1st Year\ADS1\ADS1 Assignments\M7\7.1 Steque\Steque.java:99:29: Expected @throws tag for 'Exception'. [JavadocMethod]
[ERROR] C:\Users\Teja\Desktop\MSIT\1st Year\ADS1\ADS1 Assignments\M7\7.1 Steque\Steque.java:147:9: Missing a Javadoc comment. [JavadocVariable]
[ERROR] C:\Users\Teja\Desktop\MSIT\1st Year\ADS1\ADS1 Assignments\M7\7.1 Steque\Steque.java:147:14: Variable 'current' must be private and have accessor methods. [VisibilityModifier]
[ERROR] C:\Users\Teja\Desktop\MSIT\1st Year\ADS1\ADS1 Assignments\M7\7.1 Steque\Steque.java:153:24: Parameter node should be final. [FinalParameters]
[ERROR] C:\Users\Teja\Desktop\MSIT\1st Year\ADS1\ADS1 Assignments\M7\7.1 Steque\Steque.java:162:34: '{' at column 34 should have line break after. [LeftCurly]
[ERROR] C:\Users\Teja\Desktop\MSIT\1st Year\ADS1\ADS1 Assignments\M7\7.1 Steque\Steque.java:162:59: ';' is not followed by whitespace. [WhitespaceAfter]
[ERROR] C:\Users\Teja\Desktop\MSIT\1st Year\ADS1\ADS1 Assignments\M7\7.1 Steque\Steque.java:162:59: '}' is not preceded with whitespace. [WhitespaceAround]
[ERROR] C:\Users\Teja\Desktop\MSIT\1st Year\ADS1\ADS1 Assignments\M7\7.1 Steque\Steque.java:166:31: '{' is not followed by whitespace. [WhitespaceAround]
[ERROR] C:\Users\Teja\Desktop\MSIT\1st Year\ADS1\ADS1 Assignments\M7\7.1 Steque\Steque.java:166:48: '}' is not preceded with whitespace. [WhitespaceAround]
Audit done.
Checkstyle ends with 21 errors.
